<?xml version="1.0" encoding="UTF-8"?>
<!-- Generated by org.testng.reporters.JUnitXMLReporter -->
<testsuite ignored="0" hostname="BTWINAUucmAIKsr" failures="0" tests="3" name="Default test" time="48.974" errors="0" timestamp="2022-10-07T15:23:32 IST">
  <testcase classname="TestNG.login" name="VerifyHomePageTitle" time="0.012"/>
  <testcase classname="TestNG.login" name="invalid" time="10.348"/>
  <testcase classname="TestNG.login" name="valid" time="8.765"/>
</testsuite> <!-- Default test -->
