<?xml version="1.0" encoding="UTF-8"?>
<testng-results ignored="0" total="3" passed="3" failed="0" skipped="0">
  <reporter-output>
  </reporter-output>
  <suite started-at="2022-10-07T15:22:43 IST" name="Default suite" finished-at="2022-10-07T15:23:32 IST" duration-ms="48974">
    <groups>
    </groups>
    <test started-at="2022-10-07T15:22:43 IST" name="Default test" finished-at="2022-10-07T15:23:32 IST" duration-ms="48974">
      <class name="TestNG.login">
        <test-method is-config="true" signature="beforeMethod()[pri:0, instance:TestNG.login@3b6ddd1d]" started-at="2022-10-07T15:22:43 IST" name="beforeMethod" finished-at="2022-10-07T15:22:54 IST" duration-ms="11019" status="PASS">
          <reporter-output>
          </reporter-output>
        </test-method> <!-- beforeMethod -->
        <test-method signature="VerifyHomePageTitle()[pri:0, instance:TestNG.login@3b6ddd1d]" started-at="2022-10-07T15:22:54 IST" name="VerifyHomePageTitle" finished-at="2022-10-07T15:22:54 IST" duration-ms="12" status="PASS">
          <reporter-output>
          </reporter-output>
        </test-method> <!-- VerifyHomePageTitle -->
        <test-method is-config="true" signature="afterMethod()[pri:0, instance:TestNG.login@3b6ddd1d]" started-at="2022-10-07T15:22:54 IST" name="afterMethod" finished-at="2022-10-07T15:22:54 IST" duration-ms="400" status="PASS">
          <reporter-output>
          </reporter-output>
        </test-method> <!-- afterMethod -->
        <test-method is-config="true" signature="beforeMethod()[pri:0, instance:TestNG.login@3b6ddd1d]" started-at="2022-10-07T15:22:54 IST" name="beforeMethod" finished-at="2022-10-07T15:23:03 IST" duration-ms="8924" status="PASS">
          <reporter-output>
          </reporter-output>
        </test-method> <!-- beforeMethod -->
        <test-method signature="invalid()[pri:0, instance:TestNG.login@3b6ddd1d]" started-at="2022-10-07T15:23:03 IST" name="invalid" finished-at="2022-10-07T15:23:13 IST" duration-ms="10348" status="PASS">
          <reporter-output>
          </reporter-output>
        </test-method> <!-- invalid -->
        <test-method is-config="true" signature="afterMethod()[pri:0, instance:TestNG.login@3b6ddd1d]" started-at="2022-10-07T15:23:13 IST" name="afterMethod" finished-at="2022-10-07T15:23:14 IST" duration-ms="397" status="PASS">
          <reporter-output>
          </reporter-output>
        </test-method> <!-- afterMethod -->
        <test-method is-config="true" signature="beforeMethod()[pri:0, instance:TestNG.login@3b6ddd1d]" started-at="2022-10-07T15:23:14 IST" name="beforeMethod" finished-at="2022-10-07T15:23:22 IST" duration-ms="8639" status="PASS">
          <reporter-output>
          </reporter-output>
        </test-method> <!-- beforeMethod -->
        <test-method signature="valid()[pri:0, instance:TestNG.login@3b6ddd1d]" started-at="2022-10-07T15:23:22 IST" name="valid" finished-at="2022-10-07T15:23:31 IST" duration-ms="8765" status="PASS">
          <reporter-output>
          </reporter-output>
        </test-method> <!-- valid -->
        <test-method is-config="true" signature="afterMethod()[pri:0, instance:TestNG.login@3b6ddd1d]" started-at="2022-10-07T15:23:31 IST" name="afterMethod" finished-at="2022-10-07T15:23:32 IST" duration-ms="435" status="PASS">
          <reporter-output>
          </reporter-output>
        </test-method> <!-- afterMethod -->
      </class> <!-- TestNG.login -->
    </test> <!-- Default test -->
  </suite> <!-- Default suite -->
</testng-results>
